[2015-09-29 15:41:55] local.ERROR: exception 'PDOException' with message 'SQLSTATE[42S01]: Base table or view already exists: 1050 Table 'nsets' already exists' in C:\wamp\www\Projects\magic-builder\vendor\laravel\framework\src\Illuminate\Database\Connection.php:362
Stack trace:
#0 C:\wamp\www\Projects\magic-builder\vendor\laravel\framework\src\Illuminate\Database\Connection.php(362): PDOStatement->execute(Array)
#1 C:\wamp\www\Projects\magic-builder\vendor\laravel\framework\src\Illuminate\Database\Connection.php(616): Illuminate\Database\Connection->Illuminate\Database\{closure}(Object(Illuminate\Database\MySqlConnection), 'create table `n...', Array)
#2 C:\wamp\www\Projects\magic-builder\vendor\laravel\framework\src\Illuminate\Database\Connection.php(580): Illuminate\Database\Connection->runQueryCallback('create table `n...', Array, Object(Closure))
#3 C:\wamp\www\Projects\magic-builder\vendor\laravel\framework\src\Illuminate\Database\Connection.php(363): Illuminate\Database\Connection->run('create table `n...', Array, Object(Closure))
#4 C:\wamp\www\Projects\magic-builder\vendor\laravel\framework\src\Illuminate\Database\Schema\Blueprint.php(63): Illuminate\Database\Connection->statement('create table `n...')
#5 C:\wamp\www\Projects\magic-builder\vendor\laravel\framework\src\Illuminate\Database\Schema\Builder.php(188): Illuminate\Database\Schema\Blueprint->build(Object(Illuminate\Database\MySqlConnection), Object(Illuminate\Database\Schema\Grammars\MySqlGrammar))
#6 C:\wamp\www\Projects\magic-builder\vendor\laravel\framework\src\Illuminate\Database\Schema\Builder.php(131): Illuminate\Database\Schema\Builder->build(Object(Illuminate\Database\Schema\Blueprint))
#7 C:\wamp\www\Projects\magic-builder\vendor\laravel\framework\src\Illuminate\Support\Facades\Facade.php(213): Illuminate\Database\Schema\Builder->create('nsets', Object(Closure))
#8 C:\wamp\www\Projects\magic-builder\database\migrations\2015_09_29_152802_create_nsets_table.php(37): Illuminate\Support\Facades\Facade::__callStatic('create', Array)
#9 C:\wamp\www\Projects\magic-builder\database\migrations\2015_09_29_152802_create_nsets_table.php(37): Illuminate\Support\Facades\Schema::create('nsets', Object(Closure))
#10 C:\wamp\www\Projects\magic-builder\vendor\laravel\framework\src\Illuminate\Database\Migrations\Migrator.php(135): CreateNsetsTable->up()
#11 C:\wamp\www\Projects\magic-builder\vendor\laravel\framework\src\Illuminate\Database\Migrations\Migrator.php(111): Illuminate\Database\Migrations\Migrator->runUp('2015_09_29_1528...', 2, false)
#12 C:\wamp\www\Projects\magic-builder\vendor\laravel\framework\src\Illuminate\Database\Migrations\Migrator.php(82): Illuminate\Database\Migrations\Migrator->runMigrationList(Array, false)
#13 C:\wamp\www\Projects\magic-builder\vendor\laravel\framework\src\Illuminate\Database\Console\Migrations\MigrateCommand.php(73): Illuminate\Database\Migrations\Migrator->run('C:\\wamp\\www\\Pro...', false)
#14 [internal function]: Illuminate\Database\Console\Migrations\MigrateCommand->fire()
#15 C:\wamp\www\Projects\magic-builder\vendor\laravel\framework\src\Illuminate\Container\Container.php(526): call_user_func_array(Array, Array)
#16 C:\wamp\www\Projects\magic-builder\vendor\laravel\framework\src\Illuminate\Console\Command.php(115): Illuminate\Container\Container->call(Array)
#17 C:\wamp\www\Projects\magic-builder\vendor\symfony\console\Symfony\Component\Console\Command\Command.php(257): Illuminate\Console\Command->execute(Object(Symfony\Component\Console\Input\ArgvInput), Object(Symfony\Component\Console\Output\ConsoleOutput))
#18 C:\wamp\www\Projects\magic-builder\vendor\laravel\framework\src\Illuminate\Console\Command.php(101): Symfony\Component\Console\Command\Command->run(Object(Symfony\Component\Console\Input\ArgvInput), Object(Symfony\Component\Console\Output\ConsoleOutput))
#19 C:\wamp\www\Projects\magic-builder\vendor\symfony\console\Symfony\Component\Console\Application.php(874): Illuminate\Console\Command->run(Object(Symfony\Component\Console\Input\ArgvInput), Object(Symfony\Component\Console\Output\ConsoleOutput))
#20 C:\wamp\www\Projects\magic-builder\vendor\symfony\console\Symfony\Component\Console\Application.php(195): Symfony\Component\Console\Application->doRunCommand(Object(Illuminate\Database\Console\Migrations\MigrateCommand), Object(Symfony\Component\Console\Input\ArgvInput), Object(Symfony\Component\Console\Output\ConsoleOutput))
#21 C:\wamp\www\Projects\magic-builder\vendor\symfony\console\Symfony\Component\Console\Application.php(126): Symfony\Component\Console\Application->doRun(Object(Symfony\Component\Console\Input\ArgvInput), Object(Symfony\Component\Console\Output\ConsoleOutput))
#22 C:\wamp\www\Projects\magic-builder\vendor\laravel\framework\src\Illuminate\Foundation\Console\Kernel.php(94): Symfony\Component\Console\Application->run(Object(Symfony\Component\Console\Input\ArgvInput), Object(Symfony\Component\Console\Output\ConsoleOutput))
#23 C:\wamp\www\Projects\magic-builder\artisan(36): Illuminate\Foundation\Console\Kernel->handle(Object(Symfony\Component\Console\Input\ArgvInput), Object(Symfony\Component\Console\Output\ConsoleOutput))
#24 {main}

Next exception 'Illuminate\Database\QueryException' with message 'SQLSTATE[42S01]: Base table or view already exists: 1050 Table 'nsets' already exists (SQL: create table `nsets` (`Nname` varchar(255) not null, `Ncode` varchar(255) not null, `Ncode_magiccards` varchar(255) not null, `Ndate` varchar(255) not null, `Nis_promo` varchar(255) not null, `Nboosterpack_nM` varchar(255) not null, `Nboosterpack_nR` varchar(255) not null, `Nboosterpack_nU` varchar(255) not null, `Nboosterpack_nC` varchar(255) not null, `Nboosterpack_nE` varchar(255) not null, `Nboosterpack_pM` varchar(255) not null, `Nboosterpack_pR` varchar(255) not null, `Nboosterpack_typeExtra1` varchar(255) not null, `Nboosterpack_typeExtra2` varchar(255) not null, `Nboosterpack_listExtra1` varchar(255) not null, `Nboosterpack_listExtra2` varchar(255) not null, `Nboosterpack_has_foil` varchar(255) not null, `Nboosterpack_pF` varchar(255) not null, `created_at` timestamp default 0 not null, `updated_at` timestamp default 0 not null) default character set utf8 collate utf8_unicode_ci)' in C:\wamp\www\Projects\magic-builder\vendor\laravel\framework\src\Illuminate\Database\Connection.php:624
Stack trace:
#0 C:\wamp\www\Projects\magic-builder\vendor\laravel\framework\src\Illuminate\Database\Connection.php(580): Illuminate\Database\Connection->runQueryCallback('create table `n...', Array, Object(Closure))
#1 C:\wamp\www\Projects\magic-builder\vendor\laravel\framework\src\Illuminate\Database\Connection.php(363): Illuminate\Database\Connection->run('create table `n...', Array, Object(Closure))
#2 C:\wamp\www\Projects\magic-builder\vendor\laravel\framework\src\Illuminate\Database\Schema\Blueprint.php(63): Illuminate\Database\Connection->statement('create table `n...')
#3 C:\wamp\www\Projects\magic-builder\vendor\laravel\framework\src\Illuminate\Database\Schema\Builder.php(188): Illuminate\Database\Schema\Blueprint->build(Object(Illuminate\Database\MySqlConnection), Object(Illuminate\Database\Schema\Grammars\MySqlGrammar))
#4 C:\wamp\www\Projects\magic-builder\vendor\laravel\framework\src\Illuminate\Database\Schema\Builder.php(131): Illuminate\Database\Schema\Builder->build(Object(Illuminate\Database\Schema\Blueprint))
#5 C:\wamp\www\Projects\magic-builder\vendor\laravel\framework\src\Illuminate\Support\Facades\Facade.php(213): Illuminate\Database\Schema\Builder->create('nsets', Object(Closure))
#6 C:\wamp\www\Projects\magic-builder\database\migrations\2015_09_29_152802_create_nsets_table.php(37): Illuminate\Support\Facades\Facade::__callStatic('create', Array)
#7 C:\wamp\www\Projects\magic-builder\database\migrations\2015_09_29_152802_create_nsets_table.php(37): Illuminate\Support\Facades\Schema::create('nsets', Object(Closure))
#8 C:\wamp\www\Projects\magic-builder\vendor\laravel\framework\src\Illuminate\Database\Migrations\Migrator.php(135): CreateNsetsTable->up()
#9 C:\wamp\www\Projects\magic-builder\vendor\laravel\framework\src\Illuminate\Database\Migrations\Migrator.php(111): Illuminate\Database\Migrations\Migrator->runUp('2015_09_29_1528...', 2, false)
#10 C:\wamp\www\Projects\magic-builder\vendor\laravel\framework\src\Illuminate\Database\Migrations\Migrator.php(82): Illuminate\Database\Migrations\Migrator->runMigrationList(Array, false)
#11 C:\wamp\www\Projects\magic-builder\vendor\laravel\framework\src\Illuminate\Database\Console\Migrations\MigrateCommand.php(73): Illuminate\Database\Migrations\Migrator->run('C:\\wamp\\www\\Pro...', false)
#12 [internal function]: Illuminate\Database\Console\Migrations\MigrateCommand->fire()
#13 C:\wamp\www\Projects\magic-builder\vendor\laravel\framework\src\Illuminate\Container\Container.php(526): call_user_func_array(Array, Array)
#14 C:\wamp\www\Projects\magic-builder\vendor\laravel\framework\src\Illuminate\Console\Command.php(115): Illuminate\Container\Container->call(Array)
#15 C:\wamp\www\Projects\magic-builder\vendor\symfony\console\Symfony\Component\Console\Command\Command.php(257): Illuminate\Console\Command->execute(Object(Symfony\Component\Console\Input\ArgvInput), Object(Symfony\Component\Console\Output\ConsoleOutput))
#16 C:\wamp\www\Projects\magic-builder\vendor\laravel\framework\src\Illuminate\Console\Command.php(101): Symfony\Component\Console\Command\Command->run(Object(Symfony\Component\Console\Input\ArgvInput), Object(Symfony\Component\Console\Output\ConsoleOutput))
#17 C:\wamp\www\Projects\magic-builder\vendor\symfony\console\Symfony\Component\Console\Application.php(874): Illuminate\Console\Command->run(Object(Symfony\Component\Console\Input\ArgvInput), Object(Symfony\Component\Console\Output\ConsoleOutput))
#18 C:\wamp\www\Projects\magic-builder\vendor\symfony\console\Symfony\Component\Console\Application.php(195): Symfony\Component\Console\Application->doRunCommand(Object(Illuminate\Database\Console\Migrations\MigrateCommand), Object(Symfony\Component\Console\Input\ArgvInput), Object(Symfony\Component\Console\Output\ConsoleOutput))
#19 C:\wamp\www\Projects\magic-builder\vendor\symfony\console\Symfony\Component\Console\Application.php(126): Symfony\Component\Console\Application->doRun(Object(Symfony\Component\Console\Input\ArgvInput), Object(Symfony\Component\Console\Output\ConsoleOutput))
#20 C:\wamp\www\Projects\magic-builder\vendor\laravel\framework\src\Illuminate\Foundation\Console\Kernel.php(94): Symfony\Component\Console\Application->run(Object(Symfony\Component\Console\Input\ArgvInput), Object(Symfony\Component\Console\Output\ConsoleOutput))
#21 C:\wamp\www\Projects\magic-builder\artisan(36): Illuminate\Foundation\Console\Kernel->handle(Object(Symfony\Component\Console\Input\ArgvInput), Object(Symfony\Component\Console\Output\ConsoleOutput))
#22 {main}  
[2015-09-29 15:42:58] local.ERROR: exception 'PDOException' with message 'SQLSTATE[42000]: Syntax error or access violation: 1072 Key column 'id' doesn't exist in table' in C:\wamp\www\Projects\magic-builder\vendor\laravel\framework\src\Illuminate\Database\Connection.php:362
Stack trace:
#0 C:\wamp\www\Projects\magic-builder\vendor\laravel\framework\src\Illuminate\Database\Connection.php(362): PDOStatement->execute(Array)
#1 C:\wamp\www\Projects\magic-builder\vendor\laravel\framework\src\Illuminate\Database\Connection.php(616): Illuminate\Database\Connection->Illuminate\Database\{closure}(Object(Illuminate\Database\MySqlConnection), 'alter table `ns...', Array)
#2 C:\wamp\www\Projects\magic-builder\vendor\laravel\framework\src\Illuminate\Database\Connection.php(580): Illuminate\Database\Connection->runQueryCallback('alter table `ns...', Array, Object(Closure))
#3 C:\wamp\www\Projects\magic-builder\vendor\laravel\framework\src\Illuminate\Database\Connection.php(363): Illuminate\Database\Connection->run('alter table `ns...', Array, Object(Closure))
#4 C:\wamp\www\Projects\magic-builder\vendor\laravel\framework\src\Illuminate\Database\Schema\Blueprint.php(63): Illuminate\Database\Connection->statement('alter table `ns...')
#5 C:\wamp\www\Projects\magic-builder\vendor\laravel\framework\src\Illuminate\Database\Schema\Builder.php(188): Illuminate\Database\Schema\Blueprint->build(Object(Illuminate\Database\MySqlConnection), Object(Illuminate\Database\Schema\Grammars\MySqlGrammar))
#6 C:\wamp\www\Projects\magic-builder\vendor\laravel\framework\src\Illuminate\Database\Schema\Builder.php(131): Illuminate\Database\Schema\Builder->build(Object(Illuminate\Database\Schema\Blueprint))
#7 C:\wamp\www\Projects\magic-builder\vendor\laravel\framework\src\Illuminate\Support\Facades\Facade.php(213): Illuminate\Database\Schema\Builder->create('nsets', Object(Closure))
#8 C:\wamp\www\Projects\magic-builder\database\migrations\2015_09_29_152802_create_nsets_table.php(37): Illuminate\Support\Facades\Facade::__callStatic('create', Array)
#9 C:\wamp\www\Projects\magic-builder\database\migrations\2015_09_29_152802_create_nsets_table.php(37): Illuminate\Support\Facades\Schema::create('nsets', Object(Closure))
#10 C:\wamp\www\Projects\magic-builder\vendor\laravel\framework\src\Illuminate\Database\Migrations\Migrator.php(135): CreateNsetsTable->up()
#11 C:\wamp\www\Projects\magic-builder\vendor\laravel\framework\src\Illuminate\Database\Migrations\Migrator.php(111): Illuminate\Database\Migrations\Migrator->runUp('2015_09_29_1528...', 1, false)
#12 C:\wamp\www\Projects\magic-builder\vendor\laravel\framework\src\Illuminate\Database\Migrations\Migrator.php(82): Illuminate\Database\Migrations\Migrator->runMigrationList(Array, false)
#13 C:\wamp\www\Projects\magic-builder\vendor\laravel\framework\src\Illuminate\Database\Console\Migrations\MigrateCommand.php(73): Illuminate\Database\Migrations\Migrator->run('C:\\wamp\\www\\Pro...', false)
#14 [internal function]: Illuminate\Database\Console\Migrations\MigrateCommand->fire()
#15 C:\wamp\www\Projects\magic-builder\vendor\laravel\framework\src\Illuminate\Container\Container.php(526): call_user_func_array(Array, Array)
#16 C:\wamp\www\Projects\magic-builder\vendor\laravel\framework\src\Illuminate\Console\Command.php(115): Illuminate\Container\Container->call(Array)
#17 C:\wamp\www\Projects\magic-builder\vendor\symfony\console\Symfony\Component\Console\Command\Command.php(257): Illuminate\Console\Command->execute(Object(Symfony\Component\Console\Input\ArgvInput), Object(Symfony\Component\Console\Output\ConsoleOutput))
#18 C:\wamp\www\Projects\magic-builder\vendor\laravel\framework\src\Illuminate\Console\Command.php(101): Symfony\Component\Console\Command\Command->run(Object(Symfony\Component\Console\Input\ArgvInput), Object(Symfony\Component\Console\Output\ConsoleOutput))
#19 C:\wamp\www\Projects\magic-builder\vendor\symfony\console\Symfony\Component\Console\Application.php(874): Illuminate\Console\Command->run(Object(Symfony\Component\Console\Input\ArgvInput), Object(Symfony\Component\Console\Output\ConsoleOutput))
#20 C:\wamp\www\Projects\magic-builder\vendor\symfony\console\Symfony\Component\Console\Application.php(195): Symfony\Component\Console\Application->doRunCommand(Object(Illuminate\Database\Console\Migrations\MigrateCommand), Object(Symfony\Component\Console\Input\ArgvInput), Object(Symfony\Component\Console\Output\ConsoleOutput))
#21 C:\wamp\www\Projects\magic-builder\vendor\symfony\console\Symfony\Component\Console\Application.php(126): Symfony\Component\Console\Application->doRun(Object(Symfony\Component\Console\Input\ArgvInput), Object(Symfony\Component\Console\Output\ConsoleOutput))
#22 C:\wamp\www\Projects\magic-builder\vendor\laravel\framework\src\Illuminate\Foundation\Console\Kernel.php(94): Symfony\Component\Console\Application->run(Object(Symfony\Component\Console\Input\ArgvInput), Object(Symfony\Component\Console\Output\ConsoleOutput))
#23 C:\wamp\www\Projects\magic-builder\artisan(36): Illuminate\Foundation\Console\Kernel->handle(Object(Symfony\Component\Console\Input\ArgvInput), Object(Symfony\Component\Console\Output\ConsoleOutput))
#24 {main}

Next exception 'Illuminate\Database\QueryException' with message 'SQLSTATE[42000]: Syntax error or access violation: 1072 Key column 'id' doesn't exist in table (SQL: alter table `nsets` add primary key nsets_id_primary(`id`))' in C:\wamp\www\Projects\magic-builder\vendor\laravel\framework\src\Illuminate\Database\Connection.php:624
Stack trace:
#0 C:\wamp\www\Projects\magic-builder\vendor\laravel\framework\src\Illuminate\Database\Connection.php(580): Illuminate\Database\Connection->runQueryCallback('alter table `ns...', Array, Object(Closure))
#1 C:\wamp\www\Projects\magic-builder\vendor\laravel\framework\src\Illuminate\Database\Connection.php(363): Illuminate\Database\Connection->run('alter table `ns...', Array, Object(Closure))
#2 C:\wamp\www\Projects\magic-builder\vendor\laravel\framework\src\Illuminate\Database\Schema\Blueprint.php(63): Illuminate\Database\Connection->statement('alter table `ns...')
#3 C:\wamp\www\Projects\magic-builder\vendor\laravel\framework\src\Illuminate\Database\Schema\Builder.php(188): Illuminate\Database\Schema\Blueprint->build(Object(Illuminate\Database\MySqlConnection), Object(Illuminate\Database\Schema\Grammars\MySqlGrammar))
#4 C:\wamp\www\Projects\magic-builder\vendor\laravel\framework\src\Illuminate\Database\Schema\Builder.php(131): Illuminate\Database\Schema\Builder->build(Object(Illuminate\Database\Schema\Blueprint))
#5 C:\wamp\www\Projects\magic-builder\vendor\laravel\framework\src\Illuminate\Support\Facades\Facade.php(213): Illuminate\Database\Schema\Builder->create('nsets', Object(Closure))
#6 C:\wamp\www\Projects\magic-builder\database\migrations\2015_09_29_152802_create_nsets_table.php(37): Illuminate\Support\Facades\Facade::__callStatic('create', Array)
#7 C:\wamp\www\Projects\magic-builder\database\migrations\2015_09_29_152802_create_nsets_table.php(37): Illuminate\Support\Facades\Schema::create('nsets', Object(Closure))
#8 C:\wamp\www\Projects\magic-builder\vendor\laravel\framework\src\Illuminate\Database\Migrations\Migrator.php(135): CreateNsetsTable->up()
#9 C:\wamp\www\Projects\magic-builder\vendor\laravel\framework\src\Illuminate\Database\Migrations\Migrator.php(111): Illuminate\Database\Migrations\Migrator->runUp('2015_09_29_1528...', 1, false)
#10 C:\wamp\www\Projects\magic-builder\vendor\laravel\framework\src\Illuminate\Database\Migrations\Migrator.php(82): Illuminate\Database\Migrations\Migrator->runMigrationList(Array, false)
#11 C:\wamp\www\Projects\magic-builder\vendor\laravel\framework\src\Illuminate\Database\Console\Migrations\MigrateCommand.php(73): Illuminate\Database\Migrations\Migrator->run('C:\\wamp\\www\\Pro...', false)
#12 [internal function]: Illuminate\Database\Console\Migrations\MigrateCommand->fire()
#13 C:\wamp\www\Projects\magic-builder\vendor\laravel\framework\src\Illuminate\Container\Container.php(526): call_user_func_array(Array, Array)
#14 C:\wamp\www\Projects\magic-builder\vendor\laravel\framework\src\Illuminate\Console\Command.php(115): Illuminate\Container\Container->call(Array)
#15 C:\wamp\www\Projects\magic-builder\vendor\symfony\console\Symfony\Component\Console\Command\Command.php(257): Illuminate\Console\Command->execute(Object(Symfony\Component\Console\Input\ArgvInput), Object(Symfony\Component\Console\Output\ConsoleOutput))
#16 C:\wamp\www\Projects\magic-builder\vendor\laravel\framework\src\Illuminate\Console\Command.php(101): Symfony\Component\Console\Command\Command->run(Object(Symfony\Component\Console\Input\ArgvInput), Object(Symfony\Component\Console\Output\ConsoleOutput))
#17 C:\wamp\www\Projects\magic-builder\vendor\symfony\console\Symfony\Component\Console\Application.php(874): Illuminate\Console\Command->run(Object(Symfony\Component\Console\Input\ArgvInput), Object(Symfony\Component\Console\Output\ConsoleOutput))
#18 C:\wamp\www\Projects\magic-builder\vendor\symfony\console\Symfony\Component\Console\Application.php(195): Symfony\Component\Console\Application->doRunCommand(Object(Illuminate\Database\Console\Migrations\MigrateCommand), Object(Symfony\Component\Console\Input\ArgvInput), Object(Symfony\Component\Console\Output\ConsoleOutput))
#19 C:\wamp\www\Projects\magic-builder\vendor\symfony\console\Symfony\Component\Console\Application.php(126): Symfony\Component\Console\Application->doRun(Object(Symfony\Component\Console\Input\ArgvInput), Object(Symfony\Component\Console\Output\ConsoleOutput))
#20 C:\wamp\www\Projects\magic-builder\vendor\laravel\framework\src\Illuminate\Foundation\Console\Kernel.php(94): Symfony\Component\Console\Application->run(Object(Symfony\Component\Console\Input\ArgvInput), Object(Symfony\Component\Console\Output\ConsoleOutput))
#21 C:\wamp\www\Projects\magic-builder\artisan(36): Illuminate\Foundation\Console\Kernel->handle(Object(Symfony\Component\Console\Input\ArgvInput), Object(Symfony\Component\Console\Output\ConsoleOutput))
#22 {main}  
[2015-09-29 15:44:03] local.ERROR: exception 'PDOException' with message 'SQLSTATE[42000]: Syntax error or access violation: 1068 Multiple primary key defined' in C:\wamp\www\Projects\magic-builder\vendor\laravel\framework\src\Illuminate\Database\Connection.php:362
Stack trace:
#0 C:\wamp\www\Projects\magic-builder\vendor\laravel\framework\src\Illuminate\Database\Connection.php(362): PDOStatement->execute(Array)
#1 C:\wamp\www\Projects\magic-builder\vendor\laravel\framework\src\Illuminate\Database\Connection.php(616): Illuminate\Database\Connection->Illuminate\Database\{closure}(Object(Illuminate\Database\MySqlConnection), 'alter table `ns...', Array)
#2 C:\wamp\www\Projects\magic-builder\vendor\laravel\framework\src\Illuminate\Database\Connection.php(580): Illuminate\Database\Connection->runQueryCallback('alter table `ns...', Array, Object(Closure))
#3 C:\wamp\www\Projects\magic-builder\vendor\laravel\framework\src\Illuminate\Database\Connection.php(363): Illuminate\Database\Connection->run('alter table `ns...', Array, Object(Closure))
#4 C:\wamp\www\Projects\magic-builder\vendor\laravel\framework\src\Illuminate\Database\Schema\Blueprint.php(63): Illuminate\Database\Connection->statement('alter table `ns...')
#5 C:\wamp\www\Projects\magic-builder\vendor\laravel\framework\src\Illuminate\Database\Schema\Builder.php(188): Illuminate\Database\Schema\Blueprint->build(Object(Illuminate\Database\MySqlConnection), Object(Illuminate\Database\Schema\Grammars\MySqlGrammar))
#6 C:\wamp\www\Projects\magic-builder\vendor\laravel\framework\src\Illuminate\Database\Schema\Builder.php(131): Illuminate\Database\Schema\Builder->build(Object(Illuminate\Database\Schema\Blueprint))
#7 C:\wamp\www\Projects\magic-builder\vendor\laravel\framework\src\Illuminate\Support\Facades\Facade.php(213): Illuminate\Database\Schema\Builder->create('nsets', Object(Closure))
#8 C:\wamp\www\Projects\magic-builder\database\migrations\2015_09_29_152802_create_nsets_table.php(38): Illuminate\Support\Facades\Facade::__callStatic('create', Array)
#9 C:\wamp\www\Projects\magic-builder\database\migrations\2015_09_29_152802_create_nsets_table.php(38): Illuminate\Support\Facades\Schema::create('nsets', Object(Closure))
#10 C:\wamp\www\Projects\magic-builder\vendor\laravel\framework\src\Illuminate\Database\Migrations\Migrator.php(135): CreateNsetsTable->up()
#11 C:\wamp\www\Projects\magic-builder\vendor\laravel\framework\src\Illuminate\Database\Migrations\Migrator.php(111): Illuminate\Database\Migrations\Migrator->runUp('2015_09_29_1528...', 1, false)
#12 C:\wamp\www\Projects\magic-builder\vendor\laravel\framework\src\Illuminate\Database\Migrations\Migrator.php(82): Illuminate\Database\Migrations\Migrator->runMigrationList(Array, false)
#13 C:\wamp\www\Projects\magic-builder\vendor\laravel\framework\src\Illuminate\Database\Console\Migrations\MigrateCommand.php(73): Illuminate\Database\Migrations\Migrator->run('C:\\wamp\\www\\Pro...', false)
#14 [internal function]: Illuminate\Database\Console\Migrations\MigrateCommand->fire()
#15 C:\wamp\www\Projects\magic-builder\vendor\laravel\framework\src\Illuminate\Container\Container.php(526): call_user_func_array(Array, Array)
#16 C:\wamp\www\Projects\magic-builder\vendor\laravel\framework\src\Illuminate\Console\Command.php(115): Illuminate\Container\Container->call(Array)
#17 C:\wamp\www\Projects\magic-builder\vendor\symfony\console\Symfony\Component\Console\Command\Command.php(257): Illuminate\Console\Command->execute(Object(Symfony\Component\Console\Input\ArgvInput), Object(Symfony\Component\Console\Output\ConsoleOutput))
#18 C:\wamp\www\Projects\magic-builder\vendor\laravel\framework\src\Illuminate\Console\Command.php(101): Symfony\Component\Console\Command\Command->run(Object(Symfony\Component\Console\Input\ArgvInput), Object(Symfony\Component\Console\Output\ConsoleOutput))
#19 C:\wamp\www\Projects\magic-builder\vendor\symfony\console\Symfony\Component\Console\Application.php(874): Illuminate\Console\Command->run(Object(Symfony\Component\Console\Input\ArgvInput), Object(Symfony\Component\Console\Output\ConsoleOutput))
#20 C:\wamp\www\Projects\magic-builder\vendor\symfony\console\Symfony\Component\Console\Application.php(195): Symfony\Component\Console\Application->doRunCommand(Object(Illuminate\Database\Console\Migrations\MigrateCommand), Object(Symfony\Component\Console\Input\ArgvInput), Object(Symfony\Component\Console\Output\ConsoleOutput))
#21 C:\wamp\www\Projects\magic-builder\vendor\symfony\console\Symfony\Component\Console\Application.php(126): Symfony\Component\Console\Application->doRun(Object(Symfony\Component\Console\Input\ArgvInput), Object(Symfony\Component\Console\Output\ConsoleOutput))
#22 C:\wamp\www\Projects\magic-builder\vendor\laravel\framework\src\Illuminate\Foundation\Console\Kernel.php(94): Symfony\Component\Console\Application->run(Object(Symfony\Component\Console\Input\ArgvInput), Object(Symfony\Component\Console\Output\ConsoleOutput))
#23 C:\wamp\www\Projects\magic-builder\artisan(36): Illuminate\Foundation\Console\Kernel->handle(Object(Symfony\Component\Console\Input\ArgvInput), Object(Symfony\Component\Console\Output\ConsoleOutput))
#24 {main}

Next exception 'Illuminate\Database\QueryException' with message 'SQLSTATE[42000]: Syntax error or access violation: 1068 Multiple primary key defined (SQL: alter table `nsets` add primary key nsets_id_primary(`id`))' in C:\wamp\www\Projects\magic-builder\vendor\laravel\framework\src\Illuminate\Database\Connection.php:624
Stack trace:
#0 C:\wamp\www\Projects\magic-builder\vendor\laravel\framework\src\Illuminate\Database\Connection.php(580): Illuminate\Database\Connection->runQueryCallback('alter table `ns...', Array, Object(Closure))
#1 C:\wamp\www\Projects\magic-builder\vendor\laravel\framework\src\Illuminate\Database\Connection.php(363): Illuminate\Database\Connection->run('alter table `ns...', Array, Object(Closure))
#2 C:\wamp\www\Projects\magic-builder\vendor\laravel\framework\src\Illuminate\Database\Schema\Blueprint.php(63): Illuminate\Database\Connection->statement('alter table `ns...')
#3 C:\wamp\www\Projects\magic-builder\vendor\laravel\framework\src\Illuminate\Database\Schema\Builder.php(188): Illuminate\Database\Schema\Blueprint->build(Object(Illuminate\Database\MySqlConnection), Object(Illuminate\Database\Schema\Grammars\MySqlGrammar))
#4 C:\wamp\www\Projects\magic-builder\vendor\laravel\framework\src\Illuminate\Database\Schema\Builder.php(131): Illuminate\Database\Schema\Builder->build(Object(Illuminate\Database\Schema\Blueprint))
#5 C:\wamp\www\Projects\magic-builder\vendor\laravel\framework\src\Illuminate\Support\Facades\Facade.php(213): Illuminate\Database\Schema\Builder->create('nsets', Object(Closure))
#6 C:\wamp\www\Projects\magic-builder\database\migrations\2015_09_29_152802_create_nsets_table.php(38): Illuminate\Support\Facades\Facade::__callStatic('create', Array)
#7 C:\wamp\www\Projects\magic-builder\database\migrations\2015_09_29_152802_create_nsets_table.php(38): Illuminate\Support\Facades\Schema::create('nsets', Object(Closure))
#8 C:\wamp\www\Projects\magic-builder\vendor\laravel\framework\src\Illuminate\Database\Migrations\Migrator.php(135): CreateNsetsTable->up()
#9 C:\wamp\www\Projects\magic-builder\vendor\laravel\framework\src\Illuminate\Database\Migrations\Migrator.php(111): Illuminate\Database\Migrations\Migrator->runUp('2015_09_29_1528...', 1, false)
#10 C:\wamp\www\Projects\magic-builder\vendor\laravel\framework\src\Illuminate\Database\Migrations\Migrator.php(82): Illuminate\Database\Migrations\Migrator->runMigrationList(Array, false)
#11 C:\wamp\www\Projects\magic-builder\vendor\laravel\framework\src\Illuminate\Database\Console\Migrations\MigrateCommand.php(73): Illuminate\Database\Migrations\Migrator->run('C:\\wamp\\www\\Pro...', false)
#12 [internal function]: Illuminate\Database\Console\Migrations\MigrateCommand->fire()
#13 C:\wamp\www\Projects\magic-builder\vendor\laravel\framework\src\Illuminate\Container\Container.php(526): call_user_func_array(Array, Array)
#14 C:\wamp\www\Projects\magic-builder\vendor\laravel\framework\src\Illuminate\Console\Command.php(115): Illuminate\Container\Container->call(Array)
#15 C:\wamp\www\Projects\magic-builder\vendor\symfony\console\Symfony\Component\Console\Command\Command.php(257): Illuminate\Console\Command->execute(Object(Symfony\Component\Console\Input\ArgvInput), Object(Symfony\Component\Console\Output\ConsoleOutput))
#16 C:\wamp\www\Projects\magic-builder\vendor\laravel\framework\src\Illuminate\Console\Command.php(101): Symfony\Component\Console\Command\Command->run(Object(Symfony\Component\Console\Input\ArgvInput), Object(Symfony\Component\Console\Output\ConsoleOutput))
#17 C:\wamp\www\Projects\magic-builder\vendor\symfony\console\Symfony\Component\Console\Application.php(874): Illuminate\Console\Command->run(Object(Symfony\Component\Console\Input\ArgvInput), Object(Symfony\Component\Console\Output\ConsoleOutput))
#18 C:\wamp\www\Projects\magic-builder\vendor\symfony\console\Symfony\Component\Console\Application.php(195): Symfony\Component\Console\Application->doRunCommand(Object(Illuminate\Database\Console\Migrations\MigrateCommand), Object(Symfony\Component\Console\Input\ArgvInput), Object(Symfony\Component\Console\Output\ConsoleOutput))
#19 C:\wamp\www\Projects\magic-builder\vendor\symfony\console\Symfony\Component\Console\Application.php(126): Symfony\Component\Console\Application->doRun(Object(Symfony\Component\Console\Input\ArgvInput), Object(Symfony\Component\Console\Output\ConsoleOutput))
#20 C:\wamp\www\Projects\magic-builder\vendor\laravel\framework\src\Illuminate\Foundation\Console\Kernel.php(94): Symfony\Component\Console\Application->run(Object(Symfony\Component\Console\Input\ArgvInput), Object(Symfony\Component\Console\Output\ConsoleOutput))
#21 C:\wamp\www\Projects\magic-builder\artisan(36): Illuminate\Foundation\Console\Kernel->handle(Object(Symfony\Component\Console\Input\ArgvInput), Object(Symfony\Component\Console\Output\ConsoleOutput))
#22 {main}  
[2015-09-29 15:44:17] local.ERROR: exception 'PDOException' with message 'SQLSTATE[42S01]: Base table or view already exists: 1050 Table 'nsets' already exists' in C:\wamp\www\Projects\magic-builder\vendor\laravel\framework\src\Illuminate\Database\Connection.php:362
Stack trace:
#0 C:\wamp\www\Projects\magic-builder\vendor\laravel\framework\src\Illuminate\Database\Connection.php(362): PDOStatement->execute(Array)
#1 C:\wamp\www\Projects\magic-builder\vendor\laravel\framework\src\Illuminate\Database\Connection.php(616): Illuminate\Database\Connection->Illuminate\Database\{closure}(Object(Illuminate\Database\MySqlConnection), 'create table `n...', Array)
#2 C:\wamp\www\Projects\magic-builder\vendor\laravel\framework\src\Illuminate\Database\Connection.php(580): Illuminate\Database\Connection->runQueryCallback('create table `n...', Array, Object(Closure))
#3 C:\wamp\www\Projects\magic-builder\vendor\laravel\framework\src\Illuminate\Database\Connection.php(363): Illuminate\Database\Connection->run('create table `n...', Array, Object(Closure))
#4 C:\wamp\www\Projects\magic-builder\vendor\laravel\framework\src\Illuminate\Database\Schema\Blueprint.php(63): Illuminate\Database\Connection->statement('create table `n...')
#5 C:\wamp\www\Projects\magic-builder\vendor\laravel\framework\src\Illuminate\Database\Schema\Builder.php(188): Illuminate\Database\Schema\Blueprint->build(Object(Illuminate\Database\MySqlConnection), Object(Illuminate\Database\Schema\Grammars\MySqlGrammar))
#6 C:\wamp\www\Projects\magic-builder\vendor\laravel\framework\src\Illuminate\Database\Schema\Builder.php(131): Illuminate\Database\Schema\Builder->build(Object(Illuminate\Database\Schema\Blueprint))
#7 C:\wamp\www\Projects\magic-builder\vendor\laravel\framework\src\Illuminate\Support\Facades\Facade.php(213): Illuminate\Database\Schema\Builder->create('nsets', Object(Closure))
#8 C:\wamp\www\Projects\magic-builder\database\migrations\2015_09_29_152802_create_nsets_table.php(37): Illuminate\Support\Facades\Facade::__callStatic('create', Array)
#9 C:\wamp\www\Projects\magic-builder\database\migrations\2015_09_29_152802_create_nsets_table.php(37): Illuminate\Support\Facades\Schema::create('nsets', Object(Closure))
#10 C:\wamp\www\Projects\magic-builder\vendor\laravel\framework\src\Illuminate\Database\Migrations\Migrator.php(135): CreateNsetsTable->up()
#11 C:\wamp\www\Projects\magic-builder\vendor\laravel\framework\src\Illuminate\Database\Migrations\Migrator.php(111): Illuminate\Database\Migrations\Migrator->runUp('2015_09_29_1528...', 2, false)
#12 C:\wamp\www\Projects\magic-builder\vendor\laravel\framework\src\Illuminate\Database\Migrations\Migrator.php(82): Illuminate\Database\Migrations\Migrator->runMigrationList(Array, false)
#13 C:\wamp\www\Projects\magic-builder\vendor\laravel\framework\src\Illuminate\Database\Console\Migrations\MigrateCommand.php(73): Illuminate\Database\Migrations\Migrator->run('C:\\wamp\\www\\Pro...', false)
#14 [internal function]: Illuminate\Database\Console\Migrations\MigrateCommand->fire()
#15 C:\wamp\www\Projects\magic-builder\vendor\laravel\framework\src\Illuminate\Container\Container.php(526): call_user_func_array(Array, Array)
#16 C:\wamp\www\Projects\magic-builder\vendor\laravel\framework\src\Illuminate\Console\Command.php(115): Illuminate\Container\Container->call(Array)
#17 C:\wamp\www\Projects\magic-builder\vendor\symfony\console\Symfony\Component\Console\Command\Command.php(257): Illuminate\Console\Command->execute(Object(Symfony\Component\Console\Input\ArgvInput), Object(Symfony\Component\Console\Output\ConsoleOutput))
#18 C:\wamp\www\Projects\magic-builder\vendor\laravel\framework\src\Illuminate\Console\Command.php(101): Symfony\Component\Console\Command\Command->run(Object(Symfony\Component\Console\Input\ArgvInput), Object(Symfony\Component\Console\Output\ConsoleOutput))
#19 C:\wamp\www\Projects\magic-builder\vendor\symfony\console\Symfony\Component\Console\Application.php(874): Illuminate\Console\Command->run(Object(Symfony\Component\Console\Input\ArgvInput), Object(Symfony\Component\Console\Output\ConsoleOutput))
#20 C:\wamp\www\Projects\magic-builder\vendor\symfony\console\Symfony\Component\Console\Application.php(195): Symfony\Component\Console\Application->doRunCommand(Object(Illuminate\Database\Console\Migrations\MigrateCommand), Object(Symfony\Component\Console\Input\ArgvInput), Object(Symfony\Component\Console\Output\ConsoleOutput))
#21 C:\wamp\www\Projects\magic-builder\vendor\symfony\console\Symfony\Component\Console\Application.php(126): Symfony\Component\Console\Application->doRun(Object(Symfony\Component\Console\Input\ArgvInput), Object(Symfony\Component\Console\Output\ConsoleOutput))
#22 C:\wamp\www\Projects\magic-builder\vendor\laravel\framework\src\Illuminate\Foundation\Console\Kernel.php(94): Symfony\Component\Console\Application->run(Object(Symfony\Component\Console\Input\ArgvInput), Object(Symfony\Component\Console\Output\ConsoleOutput))
#23 C:\wamp\www\Projects\magic-builder\artisan(36): Illuminate\Foundation\Console\Kernel->handle(Object(Symfony\Component\Console\Input\ArgvInput), Object(Symfony\Component\Console\Output\ConsoleOutput))
#24 {main}

Next exception 'Illuminate\Database\QueryException' with message 'SQLSTATE[42S01]: Base table or view already exists: 1050 Table 'nsets' already exists (SQL: create table `nsets` (`id` int unsigned not null auto_increment primary key, `Nname` varchar(255) not null, `Ncode` varchar(255) not null, `Ncode_magiccards` varchar(255) not null, `Ndate` varchar(255) not null, `Nis_promo` varchar(255) not null, `Nboosterpack_nM` varchar(255) not null, `Nboosterpack_nR` varchar(255) not null, `Nboosterpack_nU` varchar(255) not null, `Nboosterpack_nC` varchar(255) not null, `Nboosterpack_nE` varchar(255) not null, `Nboosterpack_pM` varchar(255) not null, `Nboosterpack_pR` varchar(255) not null, `Nboosterpack_typeExtra1` varchar(255) not null, `Nboosterpack_typeExtra2` varchar(255) not null, `Nboosterpack_listExtra1` varchar(255) not null, `Nboosterpack_listExtra2` varchar(255) not null, `Nboosterpack_has_foil` varchar(255) not null, `Nboosterpack_pF` varchar(255) not null, `created_at` timestamp default 0 not null, `updated_at` timestamp default 0 not null) default character set utf8 collate utf8_unicode_ci)' in C:\wamp\www\Projects\magic-builder\vendor\laravel\framework\src\Illuminate\Database\Connection.php:624
Stack trace:
#0 C:\wamp\www\Projects\magic-builder\vendor\laravel\framework\src\Illuminate\Database\Connection.php(580): Illuminate\Database\Connection->runQueryCallback('create table `n...', Array, Object(Closure))
#1 C:\wamp\www\Projects\magic-builder\vendor\laravel\framework\src\Illuminate\Database\Connection.php(363): Illuminate\Database\Connection->run('create table `n...', Array, Object(Closure))
#2 C:\wamp\www\Projects\magic-builder\vendor\laravel\framework\src\Illuminate\Database\Schema\Blueprint.php(63): Illuminate\Database\Connection->statement('create table `n...')
#3 C:\wamp\www\Projects\magic-builder\vendor\laravel\framework\src\Illuminate\Database\Schema\Builder.php(188): Illuminate\Database\Schema\Blueprint->build(Object(Illuminate\Database\MySqlConnection), Object(Illuminate\Database\Schema\Grammars\MySqlGrammar))
#4 C:\wamp\www\Projects\magic-builder\vendor\laravel\framework\src\Illuminate\Database\Schema\Builder.php(131): Illuminate\Database\Schema\Builder->build(Object(Illuminate\Database\Schema\Blueprint))
#5 C:\wamp\www\Projects\magic-builder\vendor\laravel\framework\src\Illuminate\Support\Facades\Facade.php(213): Illuminate\Database\Schema\Builder->create('nsets', Object(Closure))
#6 C:\wamp\www\Projects\magic-builder\database\migrations\2015_09_29_152802_create_nsets_table.php(37): Illuminate\Support\Facades\Facade::__callStatic('create', Array)
#7 C:\wamp\www\Projects\magic-builder\database\migrations\2015_09_29_152802_create_nsets_table.php(37): Illuminate\Support\Facades\Schema::create('nsets', Object(Closure))
#8 C:\wamp\www\Projects\magic-builder\vendor\laravel\framework\src\Illuminate\Database\Migrations\Migrator.php(135): CreateNsetsTable->up()
#9 C:\wamp\www\Projects\magic-builder\vendor\laravel\framework\src\Illuminate\Database\Migrations\Migrator.php(111): Illuminate\Database\Migrations\Migrator->runUp('2015_09_29_1528...', 2, false)
#10 C:\wamp\www\Projects\magic-builder\vendor\laravel\framework\src\Illuminate\Database\Migrations\Migrator.php(82): Illuminate\Database\Migrations\Migrator->runMigrationList(Array, false)
#11 C:\wamp\www\Projects\magic-builder\vendor\laravel\framework\src\Illuminate\Database\Console\Migrations\MigrateCommand.php(73): Illuminate\Database\Migrations\Migrator->run('C:\\wamp\\www\\Pro...', false)
#12 [internal function]: Illuminate\Database\Console\Migrations\MigrateCommand->fire()
#13 C:\wamp\www\Projects\magic-builder\vendor\laravel\framework\src\Illuminate\Container\Container.php(526): call_user_func_array(Array, Array)
#14 C:\wamp\www\Projects\magic-builder\vendor\laravel\framework\src\Illuminate\Console\Command.php(115): Illuminate\Container\Container->call(Array)
#15 C:\wamp\www\Projects\magic-builder\vendor\symfony\console\Symfony\Component\Console\Command\Command.php(257): Illuminate\Console\Command->execute(Object(Symfony\Component\Console\Input\ArgvInput), Object(Symfony\Component\Console\Output\ConsoleOutput))
#16 C:\wamp\www\Projects\magic-builder\vendor\laravel\framework\src\Illuminate\Console\Command.php(101): Symfony\Component\Console\Command\Command->run(Object(Symfony\Component\Console\Input\ArgvInput), Object(Symfony\Component\Console\Output\ConsoleOutput))
#17 C:\wamp\www\Projects\magic-builder\vendor\symfony\console\Symfony\Component\Console\Application.php(874): Illuminate\Console\Command->run(Object(Symfony\Component\Console\Input\ArgvInput), Object(Symfony\Component\Console\Output\ConsoleOutput))
#18 C:\wamp\www\Projects\magic-builder\vendor\symfony\console\Symfony\Component\Console\Application.php(195): Symfony\Component\Console\Application->doRunCommand(Object(Illuminate\Database\Console\Migrations\MigrateCommand), Object(Symfony\Component\Console\Input\ArgvInput), Object(Symfony\Component\Console\Output\ConsoleOutput))
#19 C:\wamp\www\Projects\magic-builder\vendor\symfony\console\Symfony\Component\Console\Application.php(126): Symfony\Component\Console\Application->doRun(Object(Symfony\Component\Console\Input\ArgvInput), Object(Symfony\Component\Console\Output\ConsoleOutput))
#20 C:\wamp\www\Projects\magic-builder\vendor\laravel\framework\src\Illuminate\Foundation\Console\Kernel.php(94): Symfony\Component\Console\Application->run(Object(Symfony\Component\Console\Input\ArgvInput), Object(Symfony\Component\Console\Output\ConsoleOutput))
#21 C:\wamp\www\Projects\magic-builder\artisan(36): Illuminate\Foundation\Console\Kernel->handle(Object(Symfony\Component\Console\Input\ArgvInput), Object(Symfony\Component\Console\Output\ConsoleOutput))
#22 {main}  
[2015-09-29 15:44:24] local.ERROR: exception 'PDOException' with message 'SQLSTATE[42S01]: Base table or view already exists: 1050 Table 'nsets' already exists' in C:\wamp\www\Projects\magic-builder\vendor\laravel\framework\src\Illuminate\Database\Connection.php:362
Stack trace:
#0 C:\wamp\www\Projects\magic-builder\vendor\laravel\framework\src\Illuminate\Database\Connection.php(362): PDOStatement->execute(Array)
#1 C:\wamp\www\Projects\magic-builder\vendor\laravel\framework\src\Illuminate\Database\Connection.php(616): Illuminate\Database\Connection->Illuminate\Database\{closure}(Object(Illuminate\Database\MySqlConnection), 'create table `n...', Array)
#2 C:\wamp\www\Projects\magic-builder\vendor\laravel\framework\src\Illuminate\Database\Connection.php(580): Illuminate\Database\Connection->runQueryCallback('create table `n...', Array, Object(Closure))
#3 C:\wamp\www\Projects\magic-builder\vendor\laravel\framework\src\Illuminate\Database\Connection.php(363): Illuminate\Database\Connection->run('create table `n...', Array, Object(Closure))
#4 C:\wamp\www\Projects\magic-builder\vendor\laravel\framework\src\Illuminate\Database\Schema\Blueprint.php(63): Illuminate\Database\Connection->statement('create table `n...')
#5 C:\wamp\www\Projects\magic-builder\vendor\laravel\framework\src\Illuminate\Database\Schema\Builder.php(188): Illuminate\Database\Schema\Blueprint->build(Object(Illuminate\Database\MySqlConnection), Object(Illuminate\Database\Schema\Grammars\MySqlGrammar))
#6 C:\wamp\www\Projects\magic-builder\vendor\laravel\framework\src\Illuminate\Database\Schema\Builder.php(131): Illuminate\Database\Schema\Builder->build(Object(Illuminate\Database\Schema\Blueprint))
#7 C:\wamp\www\Projects\magic-builder\vendor\laravel\framework\src\Illuminate\Support\Facades\Facade.php(213): Illuminate\Database\Schema\Builder->create('nsets', Object(Closure))
#8 C:\wamp\www\Projects\magic-builder\database\migrations\2015_09_29_152802_create_nsets_table.php(37): Illuminate\Support\Facades\Facade::__callStatic('create', Array)
#9 C:\wamp\www\Projects\magic-builder\database\migrations\2015_09_29_152802_create_nsets_table.php(37): Illuminate\Support\Facades\Schema::create('nsets', Object(Closure))
#10 C:\wamp\www\Projects\magic-builder\vendor\laravel\framework\src\Illuminate\Database\Migrations\Migrator.php(135): CreateNsetsTable->up()
#11 C:\wamp\www\Projects\magic-builder\vendor\laravel\framework\src\Illuminate\Database\Migrations\Migrator.php(111): Illuminate\Database\Migrations\Migrator->runUp('2015_09_29_1528...', 1, false)
#12 C:\wamp\www\Projects\magic-builder\vendor\laravel\framework\src\Illuminate\Database\Migrations\Migrator.php(82): Illuminate\Database\Migrations\Migrator->runMigrationList(Array, false)
#13 C:\wamp\www\Projects\magic-builder\vendor\laravel\framework\src\Illuminate\Database\Console\Migrations\MigrateCommand.php(73): Illuminate\Database\Migrations\Migrator->run('C:\\wamp\\www\\Pro...', false)
#14 [internal function]: Illuminate\Database\Console\Migrations\MigrateCommand->fire()
#15 C:\wamp\www\Projects\magic-builder\vendor\laravel\framework\src\Illuminate\Container\Container.php(526): call_user_func_array(Array, Array)
#16 C:\wamp\www\Projects\magic-builder\vendor\laravel\framework\src\Illuminate\Console\Command.php(115): Illuminate\Container\Container->call(Array)
#17 C:\wamp\www\Projects\magic-builder\vendor\symfony\console\Symfony\Component\Console\Command\Command.php(257): Illuminate\Console\Command->execute(Object(Symfony\Component\Console\Input\ArrayInput), Object(Symfony\Component\Console\Output\ConsoleOutput))
#18 C:\wamp\www\Projects\magic-builder\vendor\laravel\framework\src\Illuminate\Console\Command.php(101): Symfony\Component\Console\Command\Command->run(Object(Symfony\Component\Console\Input\ArrayInput), Object(Symfony\Component\Console\Output\ConsoleOutput))
#19 C:\wamp\www\Projects\magic-builder\vendor\laravel\framework\src\Illuminate\Console\Command.php(131): Illuminate\Console\Command->run(Object(Symfony\Component\Console\Input\ArrayInput), Object(Symfony\Component\Console\Output\ConsoleOutput))
#20 C:\wamp\www\Projects\magic-builder\vendor\laravel\framework\src\Illuminate\Database\Console\Migrations\RefreshCommand.php(47): Illuminate\Console\Command->call('migrate', Array)
#21 [internal function]: Illuminate\Database\Console\Migrations\RefreshCommand->fire()
#22 C:\wamp\www\Projects\magic-builder\vendor\laravel\framework\src\Illuminate\Container\Container.php(526): call_user_func_array(Array, Array)
#23 C:\wamp\www\Projects\magic-builder\vendor\laravel\framework\src\Illuminate\Console\Command.php(115): Illuminate\Container\Container->call(Array)
#24 C:\wamp\www\Projects\magic-builder\vendor\symfony\console\Symfony\Component\Console\Command\Command.php(257): Illuminate\Console\Command->execute(Object(Symfony\Component\Console\Input\ArgvInput), Object(Symfony\Component\Console\Output\ConsoleOutput))
#25 C:\wamp\www\Projects\magic-builder\vendor\laravel\framework\src\Illuminate\Console\Command.php(101): Symfony\Component\Console\Command\Command->run(Object(Symfony\Component\Console\Input\ArgvInput), Object(Symfony\Component\Console\Output\ConsoleOutput))
#26 C:\wamp\www\Projects\magic-builder\vendor\symfony\console\Symfony\Component\Console\Application.php(874): Illuminate\Console\Command->run(Object(Symfony\Component\Console\Input\ArgvInput), Object(Symfony\Component\Console\Output\ConsoleOutput))
#27 C:\wamp\www\Projects\magic-builder\vendor\symfony\console\Symfony\Component\Console\Application.php(195): Symfony\Component\Console\Application->doRunCommand(Object(Illuminate\Database\Console\Migrations\RefreshCommand), Object(Symfony\Component\Console\Input\ArgvInput), Object(Symfony\Component\Console\Output\ConsoleOutput))
#28 C:\wamp\www\Projects\magic-builder\vendor\symfony\console\Symfony\Component\Console\Application.php(126): Symfony\Component\Console\Application->doRun(Object(Symfony\Component\Console\Input\ArgvInput), Object(Symfony\Component\Console\Output\ConsoleOutput))
#29 C:\wamp\www\Projects\magic-builder\vendor\laravel\framework\src\Illuminate\Foundation\Console\Kernel.php(94): Symfony\Component\Console\Application->run(Object(Symfony\Component\Console\Input\ArgvInput), Object(Symfony\Component\Console\Output\ConsoleOutput))
#30 C:\wamp\www\Projects\magic-builder\artisan(36): Illuminate\Foundation\Console\Kernel->handle(Object(Symfony\Component\Console\Input\ArgvInput), Object(Symfony\Component\Console\Output\ConsoleOutput))
#31 {main}

Next exception 'Illuminate\Database\QueryException' with message 'SQLSTATE[42S01]: Base table or view already exists: 1050 Table 'nsets' already exists (SQL: create table `nsets` (`id` int unsigned not null auto_increment primary key, `Nname` varchar(255) not null, `Ncode` varchar(255) not null, `Ncode_magiccards` varchar(255) not null, `Ndate` varchar(255) not null, `Nis_promo` varchar(255) not null, `Nboosterpack_nM` varchar(255) not null, `Nboosterpack_nR` varchar(255) not null, `Nboosterpack_nU` varchar(255) not null, `Nboosterpack_nC` varchar(255) not null, `Nboosterpack_nE` varchar(255) not null, `Nboosterpack_pM` varchar(255) not null, `Nboosterpack_pR` varchar(255) not null, `Nboosterpack_typeExtra1` varchar(255) not null, `Nboosterpack_typeExtra2` varchar(255) not null, `Nboosterpack_listExtra1` varchar(255) not null, `Nboosterpack_listExtra2` varchar(255) not null, `Nboosterpack_has_foil` varchar(255) not null, `Nboosterpack_pF` varchar(255) not null, `created_at` timestamp default 0 not null, `updated_at` timestamp default 0 not null) default character set utf8 collate utf8_unicode_ci)' in C:\wamp\www\Projects\magic-builder\vendor\laravel\framework\src\Illuminate\Database\Connection.php:624
Stack trace:
#0 C:\wamp\www\Projects\magic-builder\vendor\laravel\framework\src\Illuminate\Database\Connection.php(580): Illuminate\Database\Connection->runQueryCallback('create table `n...', Array, Object(Closure))
#1 C:\wamp\www\Projects\magic-builder\vendor\laravel\framework\src\Illuminate\Database\Connection.php(363): Illuminate\Database\Connection->run('create table `n...', Array, Object(Closure))
#2 C:\wamp\www\Projects\magic-builder\vendor\laravel\framework\src\Illuminate\Database\Schema\Blueprint.php(63): Illuminate\Database\Connection->statement('create table `n...')
#3 C:\wamp\www\Projects\magic-builder\vendor\laravel\framework\src\Illuminate\Database\Schema\Builder.php(188): Illuminate\Database\Schema\Blueprint->build(Object(Illuminate\Database\MySqlConnection), Object(Illuminate\Database\Schema\Grammars\MySqlGrammar))
#4 C:\wamp\www\Projects\magic-builder\vendor\laravel\framework\src\Illuminate\Database\Schema\Builder.php(131): Illuminate\Database\Schema\Builder->build(Object(Illuminate\Database\Schema\Blueprint))
#5 C:\wamp\www\Projects\magic-builder\vendor\laravel\framework\src\Illuminate\Support\Facades\Facade.php(213): Illuminate\Database\Schema\Builder->create('nsets', Object(Closure))
#6 C:\wamp\www\Projects\magic-builder\database\migrations\2015_09_29_152802_create_nsets_table.php(37): Illuminate\Support\Facades\Facade::__callStatic('create', Array)
#7 C:\wamp\www\Projects\magic-builder\database\migrations\2015_09_29_152802_create_nsets_table.php(37): Illuminate\Support\Facades\Schema::create('nsets', Object(Closure))
#8 C:\wamp\www\Projects\magic-builder\vendor\laravel\framework\src\Illuminate\Database\Migrations\Migrator.php(135): CreateNsetsTable->up()
#9 C:\wamp\www\Projects\magic-builder\vendor\laravel\framework\src\Illuminate\Database\Migrations\Migrator.php(111): Illuminate\Database\Migrations\Migrator->runUp('2015_09_29_1528...', 1, false)
#10 C:\wamp\www\Projects\magic-builder\vendor\laravel\framework\src\Illuminate\Database\Migrations\Migrator.php(82): Illuminate\Database\Migrations\Migrator->runMigrationList(Array, false)
#11 C:\wamp\www\Projects\magic-builder\vendor\laravel\framework\src\Illuminate\Database\Console\Migrations\MigrateCommand.php(73): Illuminate\Database\Migrations\Migrator->run('C:\\wamp\\www\\Pro...', false)
#12 [internal function]: Illuminate\Database\Console\Migrations\MigrateCommand->fire()
#13 C:\wamp\www\Projects\magic-builder\vendor\laravel\framework\src\Illuminate\Container\Container.php(526): call_user_func_array(Array, Array)
#14 C:\wamp\www\Projects\magic-builder\vendor\laravel\framework\src\Illuminate\Console\Command.php(115): Illuminate\Container\Container->call(Array)
#15 C:\wamp\www\Projects\magic-builder\vendor\symfony\console\Symfony\Component\Console\Command\Command.php(257): Illuminate\Console\Command->execute(Object(Symfony\Component\Console\Input\ArrayInput), Object(Symfony\Component\Console\Output\ConsoleOutput))
#16 C:\wamp\www\Projects\magic-builder\vendor\laravel\framework\src\Illuminate\Console\Command.php(101): Symfony\Component\Console\Command\Command->run(Object(Symfony\Component\Console\Input\ArrayInput), Object(Symfony\Component\Console\Output\ConsoleOutput))
#17 C:\wamp\www\Projects\magic-builder\vendor\laravel\framework\src\Illuminate\Console\Command.php(131): Illuminate\Console\Command->run(Object(Symfony\Component\Console\Input\ArrayInput), Object(Symfony\Component\Console\Output\ConsoleOutput))
#18 C:\wamp\www\Projects\magic-builder\vendor\laravel\framework\src\Illuminate\Database\Console\Migrations\RefreshCommand.php(47): Illuminate\Console\Command->call('migrate', Array)
#19 [internal function]: Illuminate\Database\Console\Migrations\RefreshCommand->fire()
#20 C:\wamp\www\Projects\magic-builder\vendor\laravel\framework\src\Illuminate\Container\Container.php(526): call_user_func_array(Array, Array)
#21 C:\wamp\www\Projects\magic-builder\vendor\laravel\framework\src\Illuminate\Console\Command.php(115): Illuminate\Container\Container->call(Array)
#22 C:\wamp\www\Projects\magic-builder\vendor\symfony\console\Symfony\Component\Console\Command\Command.php(257): Illuminate\Console\Command->execute(Object(Symfony\Component\Console\Input\ArgvInput), Object(Symfony\Component\Console\Output\ConsoleOutput))
#23 C:\wamp\www\Projects\magic-builder\vendor\laravel\framework\src\Illuminate\Console\Command.php(101): Symfony\Component\Console\Command\Command->run(Object(Symfony\Component\Console\Input\ArgvInput), Object(Symfony\Component\Console\Output\ConsoleOutput))
#24 C:\wamp\www\Projects\magic-builder\vendor\symfony\console\Symfony\Component\Console\Application.php(874): Illuminate\Console\Command->run(Object(Symfony\Component\Console\Input\ArgvInput), Object(Symfony\Component\Console\Output\ConsoleOutput))
#25 C:\wamp\www\Projects\magic-builder\vendor\symfony\console\Symfony\Component\Console\Application.php(195): Symfony\Component\Console\Application->doRunCommand(Object(Illuminate\Database\Console\Migrations\RefreshCommand), Object(Symfony\Component\Console\Input\ArgvInput), Object(Symfony\Component\Console\Output\ConsoleOutput))
#26 C:\wamp\www\Projects\magic-builder\vendor\symfony\console\Symfony\Component\Console\Application.php(126): Symfony\Component\Console\Application->doRun(Object(Symfony\Component\Console\Input\ArgvInput), Object(Symfony\Component\Console\Output\ConsoleOutput))
#27 C:\wamp\www\Projects\magic-builder\vendor\laravel\framework\src\Illuminate\Foundation\Console\Kernel.php(94): Symfony\Component\Console\Application->run(Object(Symfony\Component\Console\Input\ArgvInput), Object(Symfony\Component\Console\Output\ConsoleOutput))
#28 C:\wamp\www\Projects\magic-builder\artisan(36): Illuminate\Foundation\Console\Kernel->handle(Object(Symfony\Component\Console\Input\ArgvInput), Object(Symfony\Component\Console\Output\ConsoleOutput))
#29 {main}  
